2024-07-21 14:37:26,537 - logging_config - INFO - Query EO list endpoint called
2024-07-21 14:37:26,538 - logging_config - INFO - EO list query parameters: ['2016', 'test react call']
2024-07-21 14:37:26,538 - logging_config - INFO - Query EO list endpoint called
2024-07-21 14:37:26,539 - logging_config - INFO - EO list query parameters: ['2016', 'test react call']
2024-07-21 14:37:27,570 - logging_config - INFO - EO list result: [[('LEAKDEQN2G2', '21ab605e3bd8bdf9263b54475266d1f8', 'name2', '', 'Viktora Bubnja 28 , 43000 Bjelovar', '', 'Viktora Bubnja 28', '', 'Bjelovar', '43000', 'Cr', 'hubakk@gmail.com', '0995907054', '', 1, '12321', '', 0, '', 0, None, 0, '', '', '', 1, 1, 0, '2024-07-21T14:09:14+02:00', 2016, '2024-07-21T14:09:45+02:00', None), ('LEAKDEE26TF', 'd998eb628030cbebfb30500105ecf835', 'name1', '', 'Viktora Bubnja 28 , 43000 Bjelovar', '', 'Viktora Bubnja 28', '', 'Bjelovar', '43000', 'Cr', 'hubakk@gmail.com', '0995907054', '', 1, 'aaaa', '', 0, '', 0, None, 0, '', '', '', 2, 1, 0, '2024-07-21T14:04:34+02:00', 2016, None, None)]]
2024-07-21 14:37:27,641 - logging_config - INFO - EO list result: [[('LEAKDEQN2G2', '21ab605e3bd8bdf9263b54475266d1f8', 'name2', '', 'Viktora Bubnja 28 , 43000 Bjelovar', '', 'Viktora Bubnja 28', '', 'Bjelovar', '43000', 'Cr', 'hubakk@gmail.com', '0995907054', '', 1, '12321', '', 0, '', 0, None, 0, '', '', '', 1, 1, 0, '2024-07-21T14:09:14+02:00', 2016, '2024-07-21T14:09:45+02:00', None), ('LEAKDEE26TF', 'd998eb628030cbebfb30500105ecf835', 'name1', '', 'Viktora Bubnja 28 , 43000 Bjelovar', '', 'Viktora Bubnja 28', '', 'Bjelovar', '43000', 'Cr', 'hubakk@gmail.com', '0995907054', '', 1, 'aaaa', '', 0, '', 0, None, 0, '', '', '', 2, 1, 0, '2024-07-21T14:04:34+02:00', 2016, None, None)]]
2024-07-21 14:43:11,534 - logging_config - INFO - Query EO details endpoint called with ID: LEAKDE0KS7T
2024-07-21 14:43:11,535 - logging_config - INFO - EO details query parameters: ['LEAKDE0KS7T', '2016', 'test react getOne']
2024-07-21 14:43:12,318 - logging_config - INFO - EO details result: [[('2024-07-21T14:43:13+02:00', '', 1060, 'Economic operator LEAKDE0KS7T deleted.')]]
2024-07-21 14:44:25,841 - logging_config - INFO - User login endpoint called
2024-07-21 14:44:25,842 - logging_config - INFO - Request data: {'username': 'khubak', 'password': 'Initial1!', 'language_id': 'EN', 'api_log': 'test react login'}
2024-07-21 14:44:25,842 - logging_config - INFO - Login parameters: ['khubak', 'Initial1!', 'EN', 'test react login']
2024-07-21 14:44:25,852 - logging_config - INFO - Query EO list endpoint called
2024-07-21 14:44:25,853 - logging_config - INFO - Query EO list endpoint called
2024-07-21 14:44:25,853 - logging_config - INFO - EO list query parameters: ['2016', 'test react call']
2024-07-21 14:44:25,854 - logging_config - INFO - EO list query parameters: ['2016', 'test react call']
2024-07-21 14:44:26,925 - logging_config - INFO - EO list result: [[('LEAKDEQN2G2', '21ab605e3bd8bdf9263b54475266d1f8', 'name2', '', 'Viktora Bubnja 28 , 43000 Bjelovar', '', 'Viktora Bubnja 28', '', 'Bjelovar', '43000', 'Cr', 'hubakk@gmail.com', '0995907054', '', 1, '12321', '', 0, '', 0, None, 0, '', '', '', 1, 1, 0, '2024-07-21T14:09:14+02:00', 2016, '2024-07-21T14:09:45+02:00', None), ('LEAKDEE26TF', 'd998eb628030cbebfb30500105ecf835', 'name1', '', 'Viktora Bubnja 28 , 43000 Bjelovar', '', 'Viktora Bubnja 28', '', 'Bjelovar', '43000', 'Cr', 'hubakk@gmail.com', '0995907054', '', 1, 'aaaa', '', 0, '', 0, None, 0, '', '', '', 2, 1, 0, '2024-07-21T14:04:34+02:00', 2016, None, None)]]
2024-07-21 14:44:26,991 - logging_config - INFO - EO list result: [[('LEAKDEQN2G2', '21ab605e3bd8bdf9263b54475266d1f8', 'name2', '', 'Viktora Bubnja 28 , 43000 Bjelovar', '', 'Viktora Bubnja 28', '', 'Bjelovar', '43000', 'Cr', 'hubakk@gmail.com', '0995907054', '', 1, '12321', '', 0, '', 0, None, 0, '', '', '', 1, 1, 0, '2024-07-21T14:09:14+02:00', 2016, '2024-07-21T14:09:45+02:00', None), ('LEAKDEE26TF', 'd998eb628030cbebfb30500105ecf835', 'name1', '', 'Viktora Bubnja 28 , 43000 Bjelovar', '', 'Viktora Bubnja 28', '', 'Bjelovar', '43000', 'Cr', 'hubakk@gmail.com', '0995907054', '', 1, 'aaaa', '', 0, '', 0, None, 0, '', '', '', 2, 1, 0, '2024-07-21T14:04:34+02:00', 2016, None, None)]]
2024-07-21 14:44:27,036 - logging_config - INFO - Login result: [{'status': 'User khubak logged in.', 'errorCode': 0, 'errorMessage': '', 'api_key': '73b45796fa8547e9979875815b9be018', 'api_secret': '2a113a2d3157d2a1352c199f07e279b6', 'timestamp': '2024-07-21T14:44:27+02:00'}]
2024-07-21 14:44:28,102 - logging_config - INFO - User get secret result: [{'status': 'OK', 'errorCode': 0, 'errorMessage': '', 'api_secret': '2a113a2d3157d2a1352c199f07e279b6', 'users_id': 2016, 'is_api': 0, 'language_id': 'EN', 'timestamp': '2024-07-21T14:44:29+02:00'}]
2024-07-21 14:44:29,117 - logging_config - INFO - User authenticated and cached with key: 73b45796fa8547e9979875815b9be018
2024-07-21 14:44:39,202 - logging_config - INFO - Query EO details endpoint called with ID: LEAKDEQN2G2
2024-07-21 14:44:39,205 - logging_config - INFO - EO details query parameters: ['LEAKDEQN2G2', '2016', 'test react getOne']
2024-07-21 14:44:39,205 - logging_config - INFO - Query EO details endpoint called with ID: LEAKDEQN2G2
2024-07-21 14:44:39,206 - logging_config - INFO - EO details query parameters: ['LEAKDEQN2G2', '2016', 'test react getOne']
2024-07-21 14:44:40,131 - logging_config - INFO - EO details result: [[('LEAKDEQN2G2', '21ab605e3bd8bdf9263b54475266d1f8', 'name2', '', 'Viktora Bubnja 28 , 43000 Bjelovar', '', 'Viktora Bubnja 28', '', 'Bjelovar', '43000', 'Cr', 'hubakk@gmail.com', '0995907054', '', 1, '12321', '', 0, '', 0, None, 0, '', '', '', 1, 0, 1, 0, '2024-07-21T14:09:14+02:00', 2016, '2024-07-21T14:09:45+02:00', None)]]
2024-07-21 14:44:40,132 - logging_config - INFO - EO details result: [[('LEAKDEQN2G2', '21ab605e3bd8bdf9263b54475266d1f8', 'name2', '', 'Viktora Bubnja 28 , 43000 Bjelovar', '', 'Viktora Bubnja 28', '', 'Bjelovar', '43000', 'Cr', 'hubakk@gmail.com', '0995907054', '', 1, '12321', '', 0, '', 0, None, 0, '', '', '', 1, 0, 1, 0, '2024-07-21T14:09:14+02:00', 2016, '2024-07-21T14:09:45+02:00', None)]]
2024-07-21 14:45:30,157 - logging_config - INFO - Query EO list endpoint called
2024-07-21 14:45:30,158 - logging_config - INFO - EO list query parameters: ['2016', 'test react call']
2024-07-21 14:45:30,160 - logging_config - INFO - Query EO list endpoint called
2024-07-21 14:45:30,161 - logging_config - INFO - EO list query parameters: ['2016', 'test react call']
2024-07-21 14:45:31,073 - logging_config - INFO - EO list result: [[('LEAKDEQN2G2', '21ab605e3bd8bdf9263b54475266d1f8', 'name2', '', 'Viktora Bubnja 28 , 43000 Bjelovar', '', 'Viktora Bubnja 28', '', 'Bjelovar', '43000', 'Cr', 'hubakk@gmail.com', '0995907054', '', 1, '12321', '', 0, '', 0, None, 0, '', '', '', 1, 1, 0, '2024-07-21T14:09:14+02:00', 2016, '2024-07-21T14:09:45+02:00', None), ('LEAKDEE26TF', 'd998eb628030cbebfb30500105ecf835', 'name1', '', 'Viktora Bubnja 28 , 43000 Bjelovar', '', 'Viktora Bubnja 28', '', 'Bjelovar', '43000', 'Cr', 'hubakk@gmail.com', '0995907054', '', 1, 'aaaa', '', 0, '', 0, None, 0, '', '', '', 2, 1, 0, '2024-07-21T14:04:34+02:00', 2016, None, None)]]
2024-07-21 14:45:31,121 - logging_config - INFO - EO list result: [[('LEAKDEQN2G2', '21ab605e3bd8bdf9263b54475266d1f8', 'name2', '', 'Viktora Bubnja 28 , 43000 Bjelovar', '', 'Viktora Bubnja 28', '', 'Bjelovar', '43000', 'Cr', 'hubakk@gmail.com', '0995907054', '', 1, '12321', '', 0, '', 0, None, 0, '', '', '', 1, 1, 0, '2024-07-21T14:09:14+02:00', 2016, '2024-07-21T14:09:45+02:00', None), ('LEAKDEE26TF', 'd998eb628030cbebfb30500105ecf835', 'name1', '', 'Viktora Bubnja 28 , 43000 Bjelovar', '', 'Viktora Bubnja 28', '', 'Bjelovar', '43000', 'Cr', 'hubakk@gmail.com', '0995907054', '', 1, 'aaaa', '', 0, '', 0, None, 0, '', '', '', 2, 1, 0, '2024-07-21T14:04:34+02:00', 2016, None, None)]]
2024-07-21 14:45:37,382 - logging_config - INFO - User login endpoint called
2024-07-21 14:45:37,382 - logging_config - INFO - Request data: {'username': 'khubak', 'password': 'Initial1!', 'language_id': 'EN', 'api_log': 'test react login'}
2024-07-21 14:45:37,382 - logging_config - INFO - Login parameters: ['khubak', 'Initial1!', 'EN', 'test react login']
2024-07-21 14:45:37,395 - logging_config - INFO - Query EO list endpoint called
2024-07-21 14:45:37,396 - logging_config - INFO - Query EO list endpoint called
2024-07-21 14:45:37,396 - logging_config - INFO - EO list query parameters: ['2016', 'test react call']
2024-07-21 14:45:37,396 - logging_config - INFO - EO list query parameters: ['2016', 'test react call']
2024-07-21 14:45:38,249 - logging_config - INFO - Login result: [{'status': 'User khubak logged in.', 'errorCode': 0, 'errorMessage': '', 'api_key': '9cf5a7d090a4053f1889a433bd67dc2c', 'api_secret': 'fc3c1dbbe29121a67f55ccb8c3153fa0', 'timestamp': '2024-07-21T14:45:39+02:00'}]
2024-07-21 14:45:38,285 - logging_config - INFO - EO list result: [[('LEAKDEQN2G2', '21ab605e3bd8bdf9263b54475266d1f8', 'name2', '', 'Viktora Bubnja 28 , 43000 Bjelovar', '', 'Viktora Bubnja 28', '', 'Bjelovar', '43000', 'Cr', 'hubakk@gmail.com', '0995907054', '', 1, '12321', '', 0, '', 0, None, 0, '', '', '', 1, 1, 0, '2024-07-21T14:09:14+02:00', 2016, '2024-07-21T14:09:45+02:00', None), ('LEAKDEE26TF', 'd998eb628030cbebfb30500105ecf835', 'name1', '', 'Viktora Bubnja 28 , 43000 Bjelovar', '', 'Viktora Bubnja 28', '', 'Bjelovar', '43000', 'Cr', 'hubakk@gmail.com', '0995907054', '', 1, 'aaaa', '', 0, '', 0, None, 0, '', '', '', 2, 1, 0, '2024-07-21T14:04:34+02:00', 2016, None, None)]]
2024-07-21 14:45:39,067 - logging_config - INFO - User get secret result: [{'status': 'OK', 'errorCode': 0, 'errorMessage': '', 'api_secret': 'fc3c1dbbe29121a67f55ccb8c3153fa0', 'users_id': 2016, 'is_api': 0, 'language_id': 'EN', 'timestamp': '2024-07-21T14:45:40+02:00'}]
